  + /steam/rotko/VisualPlanning/dataset/maze/tokenized_dataset/SFT/train_dataset.jsonl (14459 token pairs)
Data: 7403008 tokens, vocab: 8192
RegionalCtm: 8 regions, 8 connections
  input: d_model=64, d_input=32, memory=4, params=25105
  attention: d_model=64, d_input=32, memory=8, params=29969
  output: d_model=64, d_input=32, memory=16, params=43793
  motor: d_model=64, d_input=32, memory=4, params=25105
  cerebellum: d_model=8, d_input=32, memory=4, params=6193
  basal_ganglia: d_model=8, d_input=32, memory=8, params=6289
  insula: d_model=8, d_input=32, memory=4, params=6193
  hippocampus: d_model=8, d_input=32, memory=16, params=8529
  global_sync: 256 pairs
  vocab: 8192
  prediction heads: 8 (1 + 7 extra)
  total params: 17332489
Debugger on port 4747
  debug server: listening on 127.0.0.1:4747

Learning... (Ctrl+C to save and stop)

step    100 | loss 8.652 | acc 0.2% | 3200 tokens | data 0%
  debug server: client connected
  debug server: client disconnected
step    200 | loss NaN | acc 0.0% | 6400 tokens | data 0%
step    300 | loss NaN | acc 0.0% | 9600 tokens | data 0%
step    400 | loss NaN | acc 0.0% | 12800 tokens | data 0%
step    500 | loss NaN | acc 0.0% | 16000 tokens | data 0%
step    600 | loss NaN | acc 0.0% | 19200 tokens | data 0%
step    700 | loss NaN | acc 0.0% | 22400 tokens | data 0%
step    800 | loss NaN | acc 0.0% | 25600 tokens | data 0%
step    900 | loss NaN | acc 0.0% | 28800 tokens | data 0%
step   1000 | loss NaN | acc 0.0% | 32000 tokens | data 0%
step   1100 | loss NaN | acc 0.1% | 35200 tokens | data 0%
step   1200 | loss NaN | acc 0.0% | 38400 tokens | data 1%
step   1300 | loss NaN | acc 0.0% | 41600 tokens | data 1%
step   1400 | loss NaN | acc 0.0% | 44800 tokens | data 1%
step   1500 | loss NaN | acc 0.0% | 48000 tokens | data 1%
step   1600 | loss NaN | acc 0.0% | 51200 tokens | data 1%
step   1700 | loss NaN | acc 0.0% | 54400 tokens | data 1%
step   1800 | loss NaN | acc 0.0% | 57600 tokens | data 1%
