  + /steam/rotko/VisualPlanning/dataset/maze/tokenized_dataset/SFT/train_dataset.jsonl (14459 token pairs)
Data: 7403008 tokens, vocab: 8192
RegionalCtm: 8 regions, 8 connections
  input: d_model=64, d_input=32, memory=4, params=25105
  attention: d_model=64, d_input=32, memory=8, params=29969
  output: d_model=64, d_input=32, memory=16, params=43793
  motor: d_model=64, d_input=32, memory=4, params=25105
  cerebellum: d_model=8, d_input=32, memory=4, params=6193
  basal_ganglia: d_model=8, d_input=32, memory=8, params=6289
  insula: d_model=8, d_input=32, memory=4, params=6193
  hippocampus: d_model=8, d_input=32, memory=16, params=8529
  global_sync: 256 pairs
  vocab: 8192
  prediction heads: 8 (1 + 7 extra)
  total params: 17332489
Debugger on port 4747
  debug server: listening on 127.0.0.1:4747

Learning... (Ctrl+C to save and stop)

  debug server: client connected
  debug server: client disconnected
step    100 | loss 8.586 | acc 0.4% | 3200 tokens | data 0%
step    200 | loss 7.785 | acc 0.9% | 6400 tokens | data 0%
