  + /steam/rotko/VisualPlanning/dataset/maze/tokenized_dataset/SFT/train_dataset.jsonl (14459 token pairs)
Data: 7403008 tokens, vocab: 8192
RegionalCtm: 8 regions, 8 connections
  input: d_model=512, d_input=32, memory=64, params=3162273
  attention: d_model=512, d_input=32, memory=64, params=3162273
  output: d_model=512, d_input=32, memory=64, params=3162273
  motor: d_model=512, d_input=32, memory=64, params=3162273
  cerebellum: d_model=64, d_input=32, memory=32, params=96017
  basal_ganglia: d_model=64, d_input=32, memory=32, params=96017
  insula: d_model=64, d_input=32, memory=32, params=96017
  hippocampus: d_model=64, d_input=32, memory=64, params=298769
  global_sync: 1024 pairs
  vocab: 8192
  prediction heads: 8 (1 + 7 extra)
  total params: 80992841

Learning... (Ctrl+C to save and stop)

    kernel 'test_store': kd_va=0x280 file_off=0x280 entry_off=0x1080 code=0x7f8d0bc3e300
    kernel 'matvec': kd_va=0x500 file_off=0x500 entry_off=0x1100 code=0x7f8d0bc39600
    kernel 'matmul_blocked': kd_va=0x580 file_off=0x580 entry_off=0x1080 code=0x7f8d0bc36600
    kernel 'matmul_small': kd_va=0x540 file_off=0x540 entry_off=0x10c0 code=0x7f8d0bc33600
    kernel 'superlinear_fwd': kd_va=0x580 file_off=0x580 entry_off=0x1080 code=0x7f8d0bc30600
step    100 | loss 8.933 | acc 0.0% | 3200 tokens | data 0%
